[2019-10-20 09:02:27,624] {taskinstance.py:620} INFO - Dependencies all met for <TaskInstance: ElasticFlow.apmc_persister 2019-10-20T03:30:47+00:00 [queued]>
[2019-10-20 09:02:27,631] {taskinstance.py:620} INFO - Dependencies all met for <TaskInstance: ElasticFlow.apmc_persister 2019-10-20T03:30:47+00:00 [queued]>
[2019-10-20 09:02:27,631] {taskinstance.py:838} INFO - 
--------------------------------------------------------------------------------
[2019-10-20 09:02:27,632] {taskinstance.py:839} INFO - Starting attempt 1 of 4
[2019-10-20 09:02:27,632] {taskinstance.py:840} INFO - 
--------------------------------------------------------------------------------
[2019-10-20 09:02:27,636] {taskinstance.py:859} INFO - Executing <Task(APMCDataPersister): apmc_persister> on 2019-10-20T03:30:47+00:00
[2019-10-20 09:02:27,637] {base_task_runner.py:133} INFO - Running: ['airflow', 'run', 'ElasticFlow', 'apmc_persister', '2019-10-20T03:30:47+00:00', '--job_id', '15', '--pool', 'default_pool', '--raw', '-sd', 'DAGS_FOLDER/DataCollector.py', '--cfg_path', '/var/folders/30/lgh9jnl14g37x12pqj0z2rlr0000gn/T/tmpjy1cysjo']
[2019-10-20 09:02:28,467] {base_task_runner.py:115} INFO - Job 15: Subtask apmc_persister [2019-10-20 09:02:28,466] {__init__.py:51} INFO - Using executor SequentialExecutor
[2019-10-20 09:02:28,641] {base_task_runner.py:115} INFO - Job 15: Subtask apmc_persister [2019-10-20 09:02:28,640] {dagbag.py:90} INFO - Filling up the DagBag from /Users/premkumar/kreate/code/pipeline/airflow/dags/DataCollector.py
[2019-10-20 09:02:28,659] {base_task_runner.py:115} INFO - Job 15: Subtask apmc_persister [2019-10-20 09:02:28,659] {cli.py:516} INFO - Running <TaskInstance: ElasticFlow.apmc_persister 2019-10-20T03:30:47+00:00 [running]> on host 1.0.0.0.0.0.0.0.0.0.0.0.0.0.0.0.0.0.0.0.0.0.0.0.0.0.0.0.0.0.0.0.ip6.arpa
[2019-10-20 09:02:28,667] {logging_mixin.py:95} INFO - [[34m2019-10-20 09:02:28,667[0m] {[34mDataPersistorPlugin.py:[0m22} INFO[0m - APMCDataPersister Initiated[0m
[2019-10-20 09:02:28,689] {logging_mixin.py:95} INFO - [[34m2019-10-20 09:02:28,689[0m] {[34mDataPersistorPlugin.py:[0m28} INFO[0m - Dataframe from raw json :          id        state    apmc  ...  created_at status Commodity_Uom
0    391969  MAHARASHTRA  NAGPUR  ...  2019-08-29      1           Qui
1    366975  MAHARASHTRA  NAGPUR  ...  2019-08-14      1           Qui
2    390316  MAHARASHTRA  NAGPUR  ...  2019-08-28      1           Qui
3    374766  MAHARASHTRA  NAGPUR  ...  2019-08-07      1           Qui
4    360779  MAHARASHTRA  NAGPUR  ...  2019-08-20      1           Qui
..      ...          ...     ...  ...         ...    ...           ...
232  355287  MAHARASHTRA  NAGPUR  ...  2019-08-24      1           Qui
233  366205  MAHARASHTRA  NAGPUR  ...  2019-08-15      1           Qui
234  369993  MAHARASHTRA  NAGPUR  ...  2019-08-11      1           Qui
235  377680  MAHARASHTRA  NAGPUR  ...  2019-08-05      1           Qui
236  378638  MAHARASHTRA  NAGPUR  ...  2019-08-04      1           Qui

[237 rows x 12 columns][0m
[2019-10-20 09:02:32,634] {logging_mixin.py:95} INFO - [[34m2019-10-20 09:02:32,633[0m] {[34mlocal_task_job.py:[0m105} INFO[0m - Task exited with return code 0[0m
