[2019-10-20 07:43:32,588] {taskinstance.py:620} INFO - Dependencies all met for <TaskInstance: ElasticFlow.apmc_persister 2019-10-20T02:12:30+00:00 [queued]>
[2019-10-20 07:43:32,595] {taskinstance.py:620} INFO - Dependencies all met for <TaskInstance: ElasticFlow.apmc_persister 2019-10-20T02:12:30+00:00 [queued]>
[2019-10-20 07:43:32,595] {taskinstance.py:838} INFO - 
--------------------------------------------------------------------------------
[2019-10-20 07:43:32,595] {taskinstance.py:839} INFO - Starting attempt 1 of 4
[2019-10-20 07:43:32,595] {taskinstance.py:840} INFO - 
--------------------------------------------------------------------------------
[2019-10-20 07:43:32,600] {taskinstance.py:859} INFO - Executing <Task(APMCDataPersister): apmc_persister> on 2019-10-20T02:12:30+00:00
[2019-10-20 07:43:32,600] {base_task_runner.py:133} INFO - Running: ['airflow', 'run', 'ElasticFlow', 'apmc_persister', '2019-10-20T02:12:30+00:00', '--job_id', '9', '--pool', 'default_pool', '--raw', '-sd', 'DAGS_FOLDER/DataCollector.py', '--cfg_path', '/var/folders/30/lgh9jnl14g37x12pqj0z2rlr0000gn/T/tmpnjle2zd6']
[2019-10-20 07:43:33,498] {base_task_runner.py:115} INFO - Job 9: Subtask apmc_persister [2019-10-20 07:43:33,498] {__init__.py:51} INFO - Using executor SequentialExecutor
[2019-10-20 07:43:33,698] {base_task_runner.py:115} INFO - Job 9: Subtask apmc_persister [2019-10-20 07:43:33,698] {dagbag.py:90} INFO - Filling up the DagBag from /Users/premkumar/kreate/code/pipeline/airflow/dags/DataCollector.py
[2019-10-20 07:43:33,723] {base_task_runner.py:115} INFO - Job 9: Subtask apmc_persister [2019-10-20 07:43:33,722] {cli.py:516} INFO - Running <TaskInstance: ElasticFlow.apmc_persister 2019-10-20T02:12:30+00:00 [running]> on host 1.0.0.0.0.0.0.0.0.0.0.0.0.0.0.0.0.0.0.0.0.0.0.0.0.0.0.0.0.0.0.0.ip6.arpa
[2019-10-20 07:43:33,732] {logging_mixin.py:95} INFO - [[34m2019-10-20 07:43:33,732[0m] {[34mDataPersistorPlugin.py:[0m20} INFO[0m - APMCDataPersister Initiated[0m
[2019-10-20 07:43:33,764] {logging_mixin.py:95} INFO - [[34m2019-10-20 07:43:33,764[0m] {[34mDataPersistorPlugin.py:[0m26} INFO[0m - Dataframe from raw json :          id        state    apmc  ...  created_at status Commodity_Uom
0    391969  MAHARASHTRA  NAGPUR  ...  2019-08-29      1           Qui
1    366975  MAHARASHTRA  NAGPUR  ...  2019-08-14      1           Qui
2    390316  MAHARASHTRA  NAGPUR  ...  2019-08-28      1           Qui
3    374766  MAHARASHTRA  NAGPUR  ...  2019-08-07      1           Qui
4    360779  MAHARASHTRA  NAGPUR  ...  2019-08-20      1           Qui
..      ...          ...     ...  ...         ...    ...           ...
232  355287  MAHARASHTRA  NAGPUR  ...  2019-08-24      1           Qui
233  366205  MAHARASHTRA  NAGPUR  ...  2019-08-15      1           Qui
234  369993  MAHARASHTRA  NAGPUR  ...  2019-08-11      1           Qui
235  377680  MAHARASHTRA  NAGPUR  ...  2019-08-05      1           Qui
236  378638  MAHARASHTRA  NAGPUR  ...  2019-08-04      1           Qui

[237 rows x 12 columns][0m
[2019-10-20 07:43:37,585] {logging_mixin.py:95} INFO - [[34m2019-10-20 07:43:37,584[0m] {[34mlocal_task_job.py:[0m105} INFO[0m - Task exited with return code 0[0m
