[2019-10-19 19:13:44,921] {taskinstance.py:620} INFO - Dependencies all met for <TaskInstance: DataCollector_v0.1.apmc 2019-10-19T13:43:21.553801+00:00 [queued]>
[2019-10-19 19:13:44,928] {taskinstance.py:620} INFO - Dependencies all met for <TaskInstance: DataCollector_v0.1.apmc 2019-10-19T13:43:21.553801+00:00 [queued]>
[2019-10-19 19:13:44,928] {taskinstance.py:838} INFO - 
--------------------------------------------------------------------------------
[2019-10-19 19:13:44,928] {taskinstance.py:839} INFO - Starting attempt 1 of 4
[2019-10-19 19:13:44,928] {taskinstance.py:840} INFO - 
--------------------------------------------------------------------------------
[2019-10-19 19:13:44,933] {taskinstance.py:859} INFO - Executing <Task(APMCCollector): apmc> on 2019-10-19T13:43:21.553801+00:00
[2019-10-19 19:13:44,934] {base_task_runner.py:133} INFO - Running: ['airflow', 'run', 'DataCollector_v0.1', 'apmc', '2019-10-19T13:43:21.553801+00:00', '--job_id', '4', '--pool', 'default_pool', '--raw', '-sd', 'DAGS_FOLDER/DataCollector.py', '--cfg_path', '/var/folders/30/lgh9jnl14g37x12pqj0z2rlr0000gn/T/tmp1eui53dj']
[2019-10-19 19:13:45,589] {base_task_runner.py:115} INFO - Job 4: Subtask apmc [2019-10-19 19:13:45,589] {__init__.py:51} INFO - Using executor SequentialExecutor
[2019-10-19 19:13:45,947] {base_task_runner.py:115} INFO - Job 4: Subtask apmc [2019-10-19 19:13:45,946] {dagbag.py:90} INFO - Filling up the DagBag from /Users/premkumar/kreate/code/pipeline/airflow/dags/DataCollector.py
[2019-10-19 19:13:45,962] {base_task_runner.py:115} INFO - Job 4: Subtask apmc [2019-10-19 19:13:45,962] {cli.py:516} INFO - Running <TaskInstance: DataCollector_v0.1.apmc 2019-10-19T13:43:21.553801+00:00 [running]> on host 1.0.0.0.0.0.0.0.0.0.0.0.0.0.0.0.0.0.0.0.0.0.0.0.0.0.0.0.0.0.0.0.ip6.arpa
[2019-10-19 19:13:45,969] {logging_mixin.py:95} INFO - [[34m2019-10-19 19:13:45,969[0m] {[34mDataCollectionPlugin.py:[0m33} INFO[0m - APMCCollector Initiated[0m
[2019-10-19 19:13:47,574] {taskinstance.py:1051} ERROR - can only concatenate str (not "int") to str
Traceback (most recent call last):
  File "/Users/premkumar/kreate/airflow_venv/lib/python3.7/site-packages/airflow/models/taskinstance.py", line 926, in _run_raw_task
    result = task_copy.execute(context=context)
  File "/Users/premkumar/kreate/code/pipeline/airflow/plugins/DataCollectionPlugin.py", line 50, in execute
    log.info("API endpoint returned status code " + response.status_code)
TypeError: can only concatenate str (not "int") to str
[2019-10-19 19:13:47,576] {taskinstance.py:1074} INFO - Marking task as UP_FOR_RETRY
[2019-10-19 19:13:47,592] {base_task_runner.py:115} INFO - Job 4: Subtask apmc Traceback (most recent call last):
[2019-10-19 19:13:47,592] {base_task_runner.py:115} INFO - Job 4: Subtask apmc   File "/Users/premkumar/kreate/airflow_venv/bin/airflow", line 32, in <module>
[2019-10-19 19:13:47,592] {base_task_runner.py:115} INFO - Job 4: Subtask apmc     args.func(args)
[2019-10-19 19:13:47,593] {base_task_runner.py:115} INFO - Job 4: Subtask apmc   File "/Users/premkumar/kreate/airflow_venv/lib/python3.7/site-packages/airflow/utils/cli.py", line 74, in wrapper
[2019-10-19 19:13:47,593] {base_task_runner.py:115} INFO - Job 4: Subtask apmc     return f(*args, **kwargs)
[2019-10-19 19:13:47,593] {base_task_runner.py:115} INFO - Job 4: Subtask apmc   File "/Users/premkumar/kreate/airflow_venv/lib/python3.7/site-packages/airflow/bin/cli.py", line 522, in run
[2019-10-19 19:13:47,593] {base_task_runner.py:115} INFO - Job 4: Subtask apmc     _run(args, dag, ti)
[2019-10-19 19:13:47,593] {base_task_runner.py:115} INFO - Job 4: Subtask apmc   File "/Users/premkumar/kreate/airflow_venv/lib/python3.7/site-packages/airflow/bin/cli.py", line 440, in _run
[2019-10-19 19:13:47,593] {base_task_runner.py:115} INFO - Job 4: Subtask apmc     pool=args.pool,
[2019-10-19 19:13:47,593] {base_task_runner.py:115} INFO - Job 4: Subtask apmc   File "/Users/premkumar/kreate/airflow_venv/lib/python3.7/site-packages/airflow/utils/db.py", line 74, in wrapper
[2019-10-19 19:13:47,593] {base_task_runner.py:115} INFO - Job 4: Subtask apmc     return func(*args, **kwargs)
[2019-10-19 19:13:47,593] {base_task_runner.py:115} INFO - Job 4: Subtask apmc   File "/Users/premkumar/kreate/airflow_venv/lib/python3.7/site-packages/airflow/models/taskinstance.py", line 926, in _run_raw_task
[2019-10-19 19:13:47,593] {base_task_runner.py:115} INFO - Job 4: Subtask apmc     result = task_copy.execute(context=context)
[2019-10-19 19:13:47,594] {base_task_runner.py:115} INFO - Job 4: Subtask apmc   File "/Users/premkumar/kreate/code/pipeline/airflow/plugins/DataCollectionPlugin.py", line 50, in execute
[2019-10-19 19:13:47,594] {base_task_runner.py:115} INFO - Job 4: Subtask apmc     log.info("API endpoint returned status code " + response.status_code)
[2019-10-19 19:13:47,594] {base_task_runner.py:115} INFO - Job 4: Subtask apmc TypeError: can only concatenate str (not "int") to str
[2019-10-19 19:13:49,926] {logging_mixin.py:95} INFO - [[34m2019-10-19 19:13:49,926[0m] {[34mlocal_task_job.py:[0m105} INFO[0m - Task exited with return code 1[0m
